2018-12-09 10:03:50,368 [Worker-3] INFO  c.g.t.t.d.PublishedGradleVersions - Gradle version information cache is not available. Remote download required.
2018-12-09 14:45:56,429 [Worker-57] INFO  o.e.m.c.i.i.nexus.NexusIndexManager - Updated local repository index
2018-12-09 15:36:57,756 [Worker-0] INFO  c.g.t.t.d.PublishedGradleVersions - Gradle version information cache is up-to-date. Trying to read.
2018-12-09 18:20:24,755 [Worker-58] INFO  o.e.m.c.i.l.LifecycleMappingFactory - Using NULL lifecycle mapping for MavenProject: com.itheima:ssm:0.0.1-SNAPSHOT @ E:\eclipse_work\eclipse_maven\ssm\pom.xml.
2018-12-09 18:25:45,640 [Worker-60] INFO  o.e.m.c.i.l.LifecycleMappingFactory - Using org.eclipse.m2e.jdt.JarLifecycleMapping lifecycle mapping for MavenProject: com.itheima:eclipse_ssm:0.0.1-SNAPSHOT @ E:\eclipse_work\eclipse_maven\ssm\pom.xml.
2018-12-09 18:25:46,420 [Worker-60] INFO  o.e.m.j.i.AbstractJavaProjectConfigurator - Adding source folder /eclipse_ssm/src/main/java
2018-12-09 18:25:46,422 [Worker-60] INFO  o.e.m.j.i.AbstractJavaProjectConfigurator - Adding resource folder /eclipse_ssm/src/main/resources
2018-12-09 18:25:46,422 [Worker-60] INFO  o.e.m.j.i.AbstractJavaProjectConfigurator - Adding source folder /eclipse_ssm/src/test/java
2018-12-09 18:25:46,422 [Worker-60] INFO  o.e.m.j.i.AbstractJavaProjectConfigurator - Adding resource folder /eclipse_ssm/src/test/resources
2018-12-09 18:25:46,938 [Worker-60] WARN  o.e.m.c.i.embedder.EclipseLogger - Using platform encoding (GBK actually) to copy filtered resources, i.e. build is platform dependent!
2018-12-09 18:25:46,956 [Worker-60] INFO  o.e.m.c.i.embedder.EclipseLogger - Copying 0 resource
2018-12-09 18:25:46,958 [Worker-60] WARN  o.e.m.c.i.embedder.EclipseLogger - Using platform encoding (GBK actually) to copy filtered resources, i.e. build is platform dependent!
2018-12-09 18:25:46,959 [Worker-60] INFO  o.e.m.c.i.embedder.EclipseLogger - Copying 0 resource
2018-12-09 18:28:19,270 [Worker-66] INFO  o.e.m.c.i.l.LifecycleMappingFactory - Using NULL lifecycle mapping for MavenProject: com.itheima:eclipse_ssm:0.0.1-SNAPSHOT @ E:\eclipse_work\eclipse_maven\ssm\pom.xml.
2018-12-09 18:31:20,242 [Worker-68] INFO  o.e.m.c.i.l.LifecycleMappingFactory - Using org.maven.ide.eclipse.wtp.WarLifecycleMapping lifecycle mapping for MavenProject: com.itheima:eclipse_web:0.0.1-SNAPSHOT @ E:\eclipse_work\eclipse_maven\ssm\eclipse_web\pom.xml.
2018-12-09 18:31:21,027 [Worker-68] INFO  o.e.m.j.i.AbstractJavaProjectConfigurator - Adding source folder /eclipse_web/src/main/java
2018-12-09 18:31:21,028 [Worker-68] INFO  o.e.m.j.i.AbstractJavaProjectConfigurator - Adding resource folder /eclipse_web/src/main/resources
2018-12-09 18:31:21,028 [Worker-68] INFO  o.e.m.j.i.AbstractJavaProjectConfigurator - Adding source folder /eclipse_web/src/test/java
2018-12-09 18:31:21,028 [Worker-68] INFO  o.e.m.j.i.AbstractJavaProjectConfigurator - Adding resource folder /eclipse_web/src/test/resources
2018-12-09 18:31:22,751 [Worker-68] INFO  o.e.m.c.i.l.LifecycleMappingFactory - Using NULL lifecycle mapping for MavenProject: com.itheima:eclipse_ssm:0.0.1-SNAPSHOT @ E:\eclipse_work\eclipse_maven\ssm\pom.xml.
2018-12-09 18:31:23,108 [Worker-68] INFO  o.e.m.c.i.l.LifecycleMappingFactory - Using org.maven.ide.eclipse.wtp.WarLifecycleMapping lifecycle mapping for MavenProject: com.itheima:eclipse_web:0.0.1-SNAPSHOT @ E:\eclipse_work\eclipse_maven\ssm\eclipse_web\pom.xml.
2018-12-09 18:31:24,136 [Worker-67] WARN  o.e.m.c.i.embedder.EclipseLogger - Using platform encoding (GBK actually) to copy filtered resources, i.e. build is platform dependent!
2018-12-09 18:31:24,138 [Worker-67] INFO  o.e.m.c.i.embedder.EclipseLogger - Copying 0 resource
2018-12-09 18:31:24,139 [Worker-67] WARN  o.e.m.c.i.embedder.EclipseLogger - Using platform encoding (GBK actually) to copy filtered resources, i.e. build is platform dependent!
2018-12-09 18:31:24,140 [Worker-67] INFO  o.e.m.c.i.embedder.EclipseLogger - Copying 0 resource
2018-12-09 18:31:51,385 [Worker-60] INFO  o.e.m.c.i.l.LifecycleMappingFactory - Using org.eclipse.m2e.jdt.JarLifecycleMapping lifecycle mapping for MavenProject: com.itheima:eclipse_service:0.0.1-SNAPSHOT @ E:\eclipse_work\eclipse_maven\ssm\eclipse_service\pom.xml.
2018-12-09 18:31:51,734 [Worker-60] INFO  o.e.m.j.i.AbstractJavaProjectConfigurator - Adding source folder /eclipse_service/src/main/java
2018-12-09 18:31:51,734 [Worker-60] INFO  o.e.m.j.i.AbstractJavaProjectConfigurator - Adding resource folder /eclipse_service/src/main/resources
2018-12-09 18:31:51,736 [Worker-60] INFO  o.e.m.j.i.AbstractJavaProjectConfigurator - Adding source folder /eclipse_service/src/test/java
2018-12-09 18:31:51,737 [Worker-60] INFO  o.e.m.j.i.AbstractJavaProjectConfigurator - Adding resource folder /eclipse_service/src/test/resources
2018-12-09 18:31:52,112 [Worker-69] WARN  o.e.m.c.i.embedder.EclipseLogger - Using platform encoding (GBK actually) to copy filtered resources, i.e. build is platform dependent!
2018-12-09 18:31:52,113 [Worker-69] INFO  o.e.m.c.i.embedder.EclipseLogger - Copying 0 resource
2018-12-09 18:31:52,114 [Worker-69] WARN  o.e.m.c.i.embedder.EclipseLogger - Using platform encoding (GBK actually) to copy filtered resources, i.e. build is platform dependent!
2018-12-09 18:31:52,115 [Worker-69] INFO  o.e.m.c.i.embedder.EclipseLogger - Copying 0 resource
2018-12-09 18:31:52,177 [Worker-69] INFO  o.e.m.c.i.l.LifecycleMappingFactory - Using NULL lifecycle mapping for MavenProject: com.itheima:eclipse_ssm:0.0.1-SNAPSHOT @ E:\eclipse_work\eclipse_maven\ssm\pom.xml.
2018-12-09 18:31:52,554 [Worker-69] INFO  o.e.m.c.i.l.LifecycleMappingFactory - Using org.maven.ide.eclipse.wtp.WarLifecycleMapping lifecycle mapping for MavenProject: com.itheima:eclipse_web:0.0.1-SNAPSHOT @ E:\eclipse_work\eclipse_maven\ssm\eclipse_web\pom.xml.
2018-12-09 18:31:52,585 [Worker-69] INFO  o.e.m.c.i.l.LifecycleMappingFactory - Using org.eclipse.m2e.jdt.JarLifecycleMapping lifecycle mapping for MavenProject: com.itheima:eclipse_service:0.0.1-SNAPSHOT @ E:\eclipse_work\eclipse_maven\ssm\eclipse_service\pom.xml.
2018-12-09 18:31:53,756 [Worker-72] WARN  o.e.m.c.i.embedder.EclipseLogger - Using platform encoding (GBK actually) to copy filtered resources, i.e. build is platform dependent!
2018-12-09 18:31:53,759 [Worker-72] INFO  o.e.m.c.i.embedder.EclipseLogger - Copying 0 resource
2018-12-09 18:31:53,761 [Worker-72] WARN  o.e.m.c.i.embedder.EclipseLogger - Using platform encoding (GBK actually) to copy filtered resources, i.e. build is platform dependent!
2018-12-09 18:31:53,762 [Worker-72] INFO  o.e.m.c.i.embedder.EclipseLogger - Copying 0 resource
2018-12-09 18:31:53,772 [Worker-72] WARN  o.e.m.c.i.embedder.EclipseLogger - Using platform encoding (GBK actually) to copy filtered resources, i.e. build is platform dependent!
2018-12-09 18:31:53,774 [Worker-72] INFO  o.e.m.c.i.embedder.EclipseLogger - Copying 0 resource
2018-12-09 18:31:53,776 [Worker-72] WARN  o.e.m.c.i.embedder.EclipseLogger - Using platform encoding (GBK actually) to copy filtered resources, i.e. build is platform dependent!
2018-12-09 18:31:53,777 [Worker-72] INFO  o.e.m.c.i.embedder.EclipseLogger - Copying 0 resource
2018-12-09 18:32:54,883 [Worker-60] INFO  o.e.m.c.i.l.LifecycleMappingFactory - Using org.eclipse.m2e.jdt.JarLifecycleMapping lifecycle mapping for MavenProject: com.itheima:eclipse_dao:0.0.1-SNAPSHOT @ E:\eclipse_work\eclipse_maven\ssm\eclipse_dao\pom.xml.
2018-12-09 18:32:55,281 [Worker-60] INFO  o.e.m.j.i.AbstractJavaProjectConfigurator - Adding source folder /eclipse_dao/src/main/java
2018-12-09 18:32:55,282 [Worker-60] INFO  o.e.m.j.i.AbstractJavaProjectConfigurator - Adding resource folder /eclipse_dao/src/main/resources
2018-12-09 18:32:55,283 [Worker-60] INFO  o.e.m.j.i.AbstractJavaProjectConfigurator - Adding source folder /eclipse_dao/src/test/java
2018-12-09 18:32:55,283 [Worker-60] INFO  o.e.m.j.i.AbstractJavaProjectConfigurator - Adding resource folder /eclipse_dao/src/test/resources
2018-12-09 18:32:55,595 [Worker-72] WARN  o.e.m.c.i.embedder.EclipseLogger - Using platform encoding (GBK actually) to copy filtered resources, i.e. build is platform dependent!
2018-12-09 18:32:55,596 [Worker-72] INFO  o.e.m.c.i.embedder.EclipseLogger - Copying 0 resource
2018-12-09 18:32:55,598 [Worker-72] WARN  o.e.m.c.i.embedder.EclipseLogger - Using platform encoding (GBK actually) to copy filtered resources, i.e. build is platform dependent!
2018-12-09 18:32:55,599 [Worker-72] INFO  o.e.m.c.i.embedder.EclipseLogger - Copying 0 resource
2018-12-09 18:32:55,681 [Worker-72] INFO  o.e.m.c.i.l.LifecycleMappingFactory - Using NULL lifecycle mapping for MavenProject: com.itheima:eclipse_ssm:0.0.1-SNAPSHOT @ E:\eclipse_work\eclipse_maven\ssm\pom.xml.
2018-12-09 18:32:56,019 [Worker-72] INFO  o.e.m.c.i.l.LifecycleMappingFactory - Using org.eclipse.m2e.jdt.JarLifecycleMapping lifecycle mapping for MavenProject: com.itheima:eclipse_service:0.0.1-SNAPSHOT @ E:\eclipse_work\eclipse_maven\ssm\eclipse_service\pom.xml.
2018-12-09 18:32:56,068 [Worker-72] INFO  o.e.m.c.i.l.LifecycleMappingFactory - Using org.maven.ide.eclipse.wtp.WarLifecycleMapping lifecycle mapping for MavenProject: com.itheima:eclipse_web:0.0.1-SNAPSHOT @ E:\eclipse_work\eclipse_maven\ssm\eclipse_web\pom.xml.
2018-12-09 18:32:56,102 [Worker-72] INFO  o.e.m.c.i.l.LifecycleMappingFactory - Using org.eclipse.m2e.jdt.JarLifecycleMapping lifecycle mapping for MavenProject: com.itheima:eclipse_dao:0.0.1-SNAPSHOT @ E:\eclipse_work\eclipse_maven\ssm\eclipse_dao\pom.xml.
2018-12-09 18:32:57,174 [Worker-60] WARN  o.e.m.c.i.embedder.EclipseLogger - Using platform encoding (GBK actually) to copy filtered resources, i.e. build is platform dependent!
2018-12-09 18:32:57,177 [Worker-60] INFO  o.e.m.c.i.embedder.EclipseLogger - Copying 0 resource
2018-12-09 18:32:57,178 [Worker-60] WARN  o.e.m.c.i.embedder.EclipseLogger - Using platform encoding (GBK actually) to copy filtered resources, i.e. build is platform dependent!
2018-12-09 18:32:57,179 [Worker-60] INFO  o.e.m.c.i.embedder.EclipseLogger - Copying 0 resource
2018-12-09 18:32:57,189 [Worker-60] WARN  o.e.m.c.i.embedder.EclipseLogger - Using platform encoding (GBK actually) to copy filtered resources, i.e. build is platform dependent!
2018-12-09 18:32:57,190 [Worker-60] INFO  o.e.m.c.i.embedder.EclipseLogger - Copying 0 resource
2018-12-09 18:32:57,191 [Worker-60] WARN  o.e.m.c.i.embedder.EclipseLogger - Using platform encoding (GBK actually) to copy filtered resources, i.e. build is platform dependent!
2018-12-09 18:32:57,192 [Worker-60] INFO  o.e.m.c.i.embedder.EclipseLogger - Copying 0 resource
2018-12-09 18:32:57,201 [Worker-60] WARN  o.e.m.c.i.embedder.EclipseLogger - Using platform encoding (GBK actually) to copy filtered resources, i.e. build is platform dependent!
2018-12-09 18:32:57,202 [Worker-60] INFO  o.e.m.c.i.embedder.EclipseLogger - Copying 0 resource
2018-12-09 18:32:57,203 [Worker-60] WARN  o.e.m.c.i.embedder.EclipseLogger - Using platform encoding (GBK actually) to copy filtered resources, i.e. build is platform dependent!
2018-12-09 18:32:57,204 [Worker-60] INFO  o.e.m.c.i.embedder.EclipseLogger - Copying 0 resource
2018-12-09 18:35:39,664 [Worker-69] WARN  o.e.m.c.i.embedder.EclipseLogger - Using platform encoding (GBK actually) to copy filtered resources, i.e. build is platform dependent!
2018-12-09 18:35:39,668 [Worker-69] INFO  o.e.m.c.i.embedder.EclipseLogger - Copying 0 resource
2018-12-09 18:35:39,671 [Worker-69] WARN  o.e.m.c.i.embedder.EclipseLogger - Using platform encoding (GBK actually) to copy filtered resources, i.e. build is platform dependent!
2018-12-09 18:35:39,675 [Worker-69] INFO  o.e.m.c.i.embedder.EclipseLogger - Copying 0 resource
2018-12-09 18:44:43,066 [Worker-75] INFO  o.e.m.c.i.l.LifecycleMappingFactory - Using org.maven.ide.eclipse.wtp.WarLifecycleMapping lifecycle mapping for MavenProject: com.itheima:eclipse_web:0.0.1-SNAPSHOT @ E:\eclipse_work\eclipse_maven\ssm\eclipse_web\pom.xml.
2018-12-09 18:44:43,730 [Worker-75] INFO  o.e.m.w.i.f.ResourceFilteringBuildParticipant - Changed resources require a complete clean of filtered resources of eclipse_web
2018-12-09 18:44:43,731 [Worker-75] INFO  o.e.m.w.i.f.ResourceFilteringBuildParticipant - Executing resource filtering for eclipse_web
2018-12-09 18:44:44,817 [Worker-78] WARN  o.e.m.c.i.embedder.EclipseLogger - Using platform encoding (GBK actually) to copy filtered resources, i.e. build is platform dependent!
2018-12-09 18:44:44,821 [Worker-78] INFO  o.e.m.c.i.embedder.EclipseLogger - Copying 0 resource
2018-12-09 18:44:44,823 [Worker-78] WARN  o.e.m.c.i.embedder.EclipseLogger - Using platform encoding (GBK actually) to copy filtered resources, i.e. build is platform dependent!
2018-12-09 18:44:44,827 [Worker-78] INFO  o.e.m.c.i.embedder.EclipseLogger - Copying 0 resource
2018-12-09 18:46:29,146 [Worker-78] INFO  o.e.m.c.i.l.LifecycleMappingFactory - Using org.eclipse.m2e.jdt.JarLifecycleMapping lifecycle mapping for MavenProject: com.itheima:eclipse_service:0.0.1-SNAPSHOT @ E:\eclipse_work\eclipse_maven\ssm\eclipse_service\pom.xml.
2018-12-09 18:46:29,186 [Worker-78] INFO  o.e.m.c.i.l.LifecycleMappingFactory - Using org.maven.ide.eclipse.wtp.WarLifecycleMapping lifecycle mapping for MavenProject: com.itheima:eclipse_web:0.0.1-SNAPSHOT @ E:\eclipse_work\eclipse_maven\ssm\eclipse_web\pom.xml.
2018-12-09 18:46:29,401 [Worker-78] WARN  o.e.m.c.i.embedder.EclipseLogger - Using platform encoding (GBK actually) to copy filtered resources, i.e. build is platform dependent!
2018-12-09 18:46:29,403 [Worker-78] INFO  o.e.m.c.i.embedder.EclipseLogger - Copying 0 resource
2018-12-09 18:46:29,404 [Worker-78] WARN  o.e.m.c.i.embedder.EclipseLogger - Using platform encoding (GBK actually) to copy filtered resources, i.e. build is platform dependent!
2018-12-09 18:46:29,406 [Worker-78] INFO  o.e.m.c.i.embedder.EclipseLogger - Copying 0 resource
2018-12-09 18:46:31,007 [Worker-81] WARN  o.e.m.c.i.embedder.EclipseLogger - Using platform encoding (GBK actually) to copy filtered resources, i.e. build is platform dependent!
2018-12-09 18:46:31,010 [Worker-81] INFO  o.e.m.c.i.embedder.EclipseLogger - Copying 0 resource
2018-12-09 18:46:31,012 [Worker-81] WARN  o.e.m.c.i.embedder.EclipseLogger - Using platform encoding (GBK actually) to copy filtered resources, i.e. build is platform dependent!
2018-12-09 18:46:31,015 [Worker-81] INFO  o.e.m.c.i.embedder.EclipseLogger - Copying 0 resource
2018-12-09 18:46:31,070 [Worker-81] WARN  o.e.m.c.i.embedder.EclipseLogger - Using platform encoding (GBK actually) to copy filtered resources, i.e. build is platform dependent!
2018-12-09 18:46:31,106 [Worker-81] INFO  o.e.m.c.i.embedder.EclipseLogger - Copying 0 resource
2018-12-09 18:46:31,108 [Worker-81] WARN  o.e.m.c.i.embedder.EclipseLogger - Using platform encoding (GBK actually) to copy filtered resources, i.e. build is platform dependent!
2018-12-09 18:46:31,109 [Worker-81] INFO  o.e.m.c.i.embedder.EclipseLogger - Copying 0 resource
2018-12-09 19:00:56,117 [Worker-86] WARN  o.e.m.c.i.embedder.EclipseLogger - Using platform encoding (GBK actually) to copy filtered resources, i.e. build is platform dependent!
2018-12-09 19:00:56,120 [Worker-86] INFO  o.e.m.c.i.embedder.EclipseLogger - Copying 3 resources
2018-12-09 19:00:56,142 [Worker-86] WARN  o.e.m.c.i.embedder.EclipseLogger - Using platform encoding (GBK actually) to copy filtered resources, i.e. build is platform dependent!
2018-12-09 19:00:56,144 [Worker-86] INFO  o.e.m.c.i.embedder.EclipseLogger - Copying 0 resource
2018-12-09 19:06:48,344 [Worker-86] WARN  o.e.m.c.i.embedder.EclipseLogger - Using platform encoding (GBK actually) to copy filtered resources, i.e. build is platform dependent!
2018-12-09 19:06:48,345 [Worker-86] INFO  o.e.m.c.i.embedder.EclipseLogger - Copying 1 resource
2018-12-09 19:06:48,350 [Worker-86] WARN  o.e.m.c.i.embedder.EclipseLogger - Using platform encoding (GBK actually) to copy filtered resources, i.e. build is platform dependent!
2018-12-09 19:06:48,352 [Worker-86] INFO  o.e.m.c.i.embedder.EclipseLogger - Copying 0 resource
2018-12-09 19:08:22,188 [Worker-94] INFO  o.e.m.c.i.l.LifecycleMappingFactory - Using org.eclipse.m2e.jdt.JarLifecycleMapping lifecycle mapping for MavenProject: com.itheima:eclipse_service:0.0.1-SNAPSHOT @ E:\eclipse_work\eclipse_maven\ssm\eclipse_service\pom.xml.
2018-12-09 19:15:00,555 [Worker-98] INFO  o.e.m.c.i.l.LifecycleMappingFactory - Using org.eclipse.m2e.jdt.JarLifecycleMapping lifecycle mapping for MavenProject: com.itheima:eclipse_dao:0.0.1-SNAPSHOT @ E:\eclipse_work\eclipse_maven\ssm\eclipse_dao\pom.xml.
2018-12-09 19:15:02,969 [Worker-95] INFO  o.e.m.c.i.l.LifecycleMappingFactory - Using NULL lifecycle mapping for MavenProject: com.itheima:eclipse_ssm:0.0.1-SNAPSHOT @ E:\eclipse_work\eclipse_maven\ssm\pom.xml.
2018-12-09 19:15:03,717 [Worker-95] INFO  o.e.m.c.i.l.LifecycleMappingFactory - Using org.maven.ide.eclipse.wtp.WarLifecycleMapping lifecycle mapping for MavenProject: com.itheima:eclipse_web:0.0.1-SNAPSHOT @ E:\eclipse_work\eclipse_maven\ssm\eclipse_web\pom.xml.
2018-12-09 19:15:05,173 [Worker-95] INFO  o.e.m.c.i.e.AbstractTransferListenerAdapter - Downloading http://maven.aliyun.com/nexus/content/groups/public/org/springframework/spring-webmvc/4.2.4.RELEASE/spring-webmvc-4.2.4.RELEASE.pom
2018-12-09 19:15:05,346 [Worker-95] INFO  o.e.m.c.i.e.AbstractTransferListenerAdapter - Downloaded http://maven.aliyun.com/nexus/content/groups/public/org/springframework/spring-webmvc/4.2.4.RELEASE/spring-webmvc-4.2.4.RELEASE.pom
2018-12-09 19:15:06,487 [Worker-95] INFO  o.e.m.c.i.e.AbstractTransferListenerAdapter - Downloading http://maven.aliyun.com/nexus/content/groups/public/commons-codec/commons-codec/1.10/commons-codec-1.10.pom
2018-12-09 19:15:06,612 [Worker-95] INFO  o.e.m.c.i.e.AbstractTransferListenerAdapter - Downloaded http://maven.aliyun.com/nexus/content/groups/public/commons-codec/commons-codec/1.10/commons-codec-1.10.pom
2018-12-09 19:15:06,721 [Worker-95] INFO  o.e.m.c.i.e.AbstractTransferListenerAdapter - Downloading http://maven.aliyun.com/nexus/content/groups/public/org/apache/commons/commons-parent/35/commons-parent-35.pom
2018-12-09 19:15:06,864 [Worker-95] INFO  o.e.m.c.i.e.AbstractTransferListenerAdapter - Downloaded http://maven.aliyun.com/nexus/content/groups/public/org/apache/commons/commons-parent/35/commons-parent-35.pom
2018-12-09 19:15:07,020 [Worker-95] INFO  o.e.m.c.i.e.AbstractTransferListenerAdapter - Downloading http://maven.aliyun.com/nexus/content/groups/public/com/github/pagehelper/pagehelper/4.0.0/pagehelper-4.0.0.pom
2018-12-09 19:15:07,136 [Worker-95] INFO  o.e.m.c.i.e.AbstractTransferListenerAdapter - Downloaded http://maven.aliyun.com/nexus/content/groups/public/com/github/pagehelper/pagehelper/4.0.0/pagehelper-4.0.0.pom
2018-12-09 19:15:07,243 [Worker-95] INFO  o.e.m.c.i.e.AbstractTransferListenerAdapter - Downloading http://maven.aliyun.com/nexus/content/groups/public/com/github/jsqlparser/jsqlparser/0.9.1/jsqlparser-0.9.1.pom
2018-12-09 19:15:07,366 [Worker-95] INFO  o.e.m.c.i.e.AbstractTransferListenerAdapter - Downloaded http://maven.aliyun.com/nexus/content/groups/public/com/github/jsqlparser/jsqlparser/0.9.1/jsqlparser-0.9.1.pom
2018-12-09 19:15:07,475 [Worker-95] INFO  o.e.m.c.i.e.AbstractTransferListenerAdapter - Downloading http://maven.aliyun.com/nexus/content/groups/public/org/mybatis/mybatis/3.2.8/mybatis-3.2.8.pom
2018-12-09 19:15:07,605 [Worker-95] INFO  o.e.m.c.i.e.AbstractTransferListenerAdapter - Downloaded http://maven.aliyun.com/nexus/content/groups/public/org/mybatis/mybatis/3.2.8/mybatis-3.2.8.pom
2018-12-09 19:15:07,729 [Worker-95] INFO  o.e.m.c.i.e.AbstractTransferListenerAdapter - Downloading http://maven.aliyun.com/nexus/content/groups/public/org/mybatis/mybatis-parent/21/mybatis-parent-21.pom
2018-12-09 19:15:07,845 [Worker-95] INFO  o.e.m.c.i.e.AbstractTransferListenerAdapter - Downloaded http://maven.aliyun.com/nexus/content/groups/public/org/mybatis/mybatis-parent/21/mybatis-parent-21.pom
2018-12-09 19:15:07,974 [Worker-95] INFO  o.e.m.c.i.e.AbstractTransferListenerAdapter - Downloading http://maven.aliyun.com/nexus/content/groups/public/org/mybatis/mybatis-spring/1.2.2/mybatis-spring-1.2.2.pom
2018-12-09 19:15:08,080 [Worker-95] INFO  o.e.m.c.i.e.AbstractTransferListenerAdapter - Downloaded http://maven.aliyun.com/nexus/content/groups/public/org/mybatis/mybatis-spring/1.2.2/mybatis-spring-1.2.2.pom
2018-12-09 19:15:08,195 [Worker-95] INFO  o.e.m.c.i.e.AbstractTransferListenerAdapter - Downloading http://maven.aliyun.com/nexus/content/groups/public/org/mybatis/mybatis-parent/20/mybatis-parent-20.pom
2018-12-09 19:15:08,309 [Worker-95] INFO  o.e.m.c.i.e.AbstractTransferListenerAdapter - Downloaded http://maven.aliyun.com/nexus/content/groups/public/org/mybatis/mybatis-parent/20/mybatis-parent-20.pom
2018-12-09 19:15:08,431 [Worker-95] INFO  o.e.m.c.i.e.AbstractTransferListenerAdapter - Downloading http://maven.aliyun.com/nexus/content/groups/public/com/github/miemiedev/mybatis-paginator/1.2.15/mybatis-paginator-1.2.15.pom
2018-12-09 19:15:08,539 [Worker-95] INFO  o.e.m.c.i.e.AbstractTransferListenerAdapter - Downloaded http://maven.aliyun.com/nexus/content/groups/public/com/github/miemiedev/mybatis-paginator/1.2.15/mybatis-paginator-1.2.15.pom
2018-12-09 19:15:09,274 [Worker-95] INFO  o.e.m.c.i.e.AbstractTransferListenerAdapter - Downloading http://maven.aliyun.com/nexus/content/groups/public/org/springframework/spring-webmvc/4.2.4.RELEASE/spring-webmvc-4.2.4.RELEASE.jar
2018-12-09 19:15:12,147 [Worker-95] INFO  o.e.m.c.i.e.AbstractTransferListenerAdapter - Downloaded http://maven.aliyun.com/nexus/content/groups/public/org/springframework/spring-webmvc/4.2.4.RELEASE/spring-webmvc-4.2.4.RELEASE.jar
2018-12-09 19:15:12,974 [Worker-95] INFO  o.e.m.c.i.e.AbstractTransferListenerAdapter - Downloading http://maven.aliyun.com/nexus/content/groups/public/commons-codec/commons-codec/1.10/commons-codec-1.10.jar
2018-12-09 19:15:13,468 [Worker-95] INFO  o.e.m.c.i.e.AbstractTransferListenerAdapter - Downloaded http://maven.aliyun.com/nexus/content/groups/public/commons-codec/commons-codec/1.10/commons-codec-1.10.jar
2018-12-09 19:15:13,557 [Worker-95] INFO  o.e.m.c.i.e.AbstractTransferListenerAdapter - Downloading http://maven.aliyun.com/nexus/content/groups/public/com/github/pagehelper/pagehelper/4.0.0/pagehelper-4.0.0.jar
2018-12-09 19:15:13,708 [Worker-95] INFO  o.e.m.c.i.e.AbstractTransferListenerAdapter - Downloaded http://maven.aliyun.com/nexus/content/groups/public/com/github/pagehelper/pagehelper/4.0.0/pagehelper-4.0.0.jar
2018-12-09 19:15:13,923 [Worker-95] INFO  o.e.m.c.i.e.AbstractTransferListenerAdapter - Downloading http://maven.aliyun.com/nexus/content/groups/public/com/github/jsqlparser/jsqlparser/0.9.1/jsqlparser-0.9.1.jar
2018-12-09 19:15:14,718 [Worker-95] INFO  o.e.m.c.i.e.AbstractTransferListenerAdapter - Downloaded http://maven.aliyun.com/nexus/content/groups/public/com/github/jsqlparser/jsqlparser/0.9.1/jsqlparser-0.9.1.jar
2018-12-09 19:15:14,830 [Worker-95] INFO  o.e.m.c.i.e.AbstractTransferListenerAdapter - Downloading http://maven.aliyun.com/nexus/content/groups/public/org/mybatis/mybatis/3.2.8/mybatis-3.2.8.jar
2018-12-09 19:15:17,595 [Worker-95] INFO  o.e.m.c.i.e.AbstractTransferListenerAdapter - Downloaded http://maven.aliyun.com/nexus/content/groups/public/org/mybatis/mybatis/3.2.8/mybatis-3.2.8.jar
2018-12-09 19:15:17,702 [Worker-95] INFO  o.e.m.c.i.e.AbstractTransferListenerAdapter - Downloading http://maven.aliyun.com/nexus/content/groups/public/org/mybatis/mybatis-spring/1.2.2/mybatis-spring-1.2.2.jar
2018-12-09 19:15:17,855 [Worker-95] INFO  o.e.m.c.i.e.AbstractTransferListenerAdapter - Downloaded http://maven.aliyun.com/nexus/content/groups/public/org/mybatis/mybatis-spring/1.2.2/mybatis-spring-1.2.2.jar
2018-12-09 19:15:17,965 [Worker-95] INFO  o.e.m.c.i.e.AbstractTransferListenerAdapter - Downloading http://maven.aliyun.com/nexus/content/groups/public/com/github/miemiedev/mybatis-paginator/1.2.15/mybatis-paginator-1.2.15.jar
2018-12-09 19:15:18,123 [Worker-95] INFO  o.e.m.c.i.e.AbstractTransferListenerAdapter - Downloaded http://maven.aliyun.com/nexus/content/groups/public/com/github/miemiedev/mybatis-paginator/1.2.15/mybatis-paginator-1.2.15.jar
2018-12-09 19:15:19,411 [Worker-95] INFO  o.e.m.c.i.l.LifecycleMappingFactory - Using org.eclipse.m2e.jdt.JarLifecycleMapping lifecycle mapping for MavenProject: com.itheima:eclipse_service:0.0.1-SNAPSHOT @ E:\eclipse_work\eclipse_maven\ssm\eclipse_service\pom.xml.
2018-12-09 19:15:19,462 [Worker-95] INFO  o.e.m.c.i.l.LifecycleMappingFactory - Using org.eclipse.m2e.jdt.JarLifecycleMapping lifecycle mapping for MavenProject: com.itheima:eclipse_dao:0.0.1-SNAPSHOT @ E:\eclipse_work\eclipse_maven\ssm\eclipse_dao\pom.xml.
2018-12-09 19:15:21,332 [Worker-97] WARN  o.e.m.c.i.embedder.EclipseLogger - Using platform encoding (GBK actually) to copy filtered resources, i.e. build is platform dependent!
2018-12-09 19:15:21,336 [Worker-97] INFO  o.e.m.c.i.embedder.EclipseLogger - Copying 3 resources
2018-12-09 19:15:21,351 [Worker-97] WARN  o.e.m.c.i.embedder.EclipseLogger - Using platform encoding (GBK actually) to copy filtered resources, i.e. build is platform dependent!
2018-12-09 19:15:21,352 [Worker-97] INFO  o.e.m.c.i.embedder.EclipseLogger - Copying 0 resource
2018-12-09 19:15:21,951 [Worker-97] WARN  o.e.m.c.i.embedder.EclipseLogger - Using platform encoding (GBK actually) to copy filtered resources, i.e. build is platform dependent!
2018-12-09 19:15:21,954 [Worker-97] INFO  o.e.m.c.i.embedder.EclipseLogger - Copying 1 resource
2018-12-09 19:15:21,964 [Worker-97] WARN  o.e.m.c.i.embedder.EclipseLogger - Using platform encoding (GBK actually) to copy filtered resources, i.e. build is platform dependent!
2018-12-09 19:15:21,966 [Worker-97] INFO  o.e.m.c.i.embedder.EclipseLogger - Copying 0 resource
2018-12-09 19:15:22,571 [Worker-97] WARN  o.e.m.c.i.embedder.EclipseLogger - Using platform encoding (GBK actually) to copy filtered resources, i.e. build is platform dependent!
2018-12-09 19:15:22,573 [Worker-97] INFO  o.e.m.c.i.embedder.EclipseLogger - Copying 0 resource
2018-12-09 19:15:22,574 [Worker-97] WARN  o.e.m.c.i.embedder.EclipseLogger - Using platform encoding (GBK actually) to copy filtered resources, i.e. build is platform dependent!
2018-12-09 19:15:22,575 [Worker-97] INFO  o.e.m.c.i.embedder.EclipseLogger - Copying 0 resource
2018-12-09 19:21:13,393 [Worker-3] INFO  c.g.t.t.d.PublishedGradleVersions - Gradle version information cache is up-to-date. Trying to read.
2018-12-09 19:29:44,160 [Worker-6] INFO  c.g.t.t.d.PublishedGradleVersions - Gradle version information cache is up-to-date. Trying to read.
2018-12-09 19:30:41,498 [Worker-14] WARN  o.e.m.c.i.embedder.EclipseLogger - Using platform encoding (GBK actually) to copy filtered resources, i.e. build is platform dependent!
2018-12-09 19:30:41,504 [Worker-14] INFO  o.e.m.c.i.embedder.EclipseLogger - Copying 1 resource
2018-12-09 19:30:41,548 [Worker-14] WARN  o.e.m.c.i.embedder.EclipseLogger - Using platform encoding (GBK actually) to copy filtered resources, i.e. build is platform dependent!
2018-12-09 19:30:41,549 [Worker-14] INFO  o.e.m.c.i.embedder.EclipseLogger - Copying 0 resource
2018-12-09 19:49:21,304 [Worker-28] WARN  o.e.m.c.i.embedder.EclipseLogger - Using platform encoding (GBK actually) to copy filtered resources, i.e. build is platform dependent!
2018-12-09 19:49:21,319 [Worker-28] INFO  o.e.m.c.i.embedder.EclipseLogger - Copying 1 resource
2018-12-09 19:49:21,353 [Worker-28] WARN  o.e.m.c.i.embedder.EclipseLogger - Using platform encoding (GBK actually) to copy filtered resources, i.e. build is platform dependent!
2018-12-09 19:49:21,355 [Worker-28] INFO  o.e.m.c.i.embedder.EclipseLogger - Copying 0 resource
2018-12-09 19:49:30,798 [Worker-12] WARN  o.e.m.c.i.embedder.EclipseLogger - Using platform encoding (GBK actually) to copy filtered resources, i.e. build is platform dependent!
2018-12-09 19:49:30,802 [Worker-12] INFO  o.e.m.c.i.embedder.EclipseLogger - Copying 0 resource
2018-12-09 19:49:30,803 [Worker-12] WARN  o.e.m.c.i.embedder.EclipseLogger - Using platform encoding (GBK actually) to copy filtered resources, i.e. build is platform dependent!
2018-12-09 19:49:30,804 [Worker-12] INFO  o.e.m.c.i.embedder.EclipseLogger - Copying 0 resource
